[18480:21992:2019-5-23 11:0:7.565] Main Start
[18480:21992:2019-5-23 11:0:7.565] Command line:"C:\Users\hp\Downloads\Zoom_ac9004af8a79253a.exe"  Instance:0x230000 Show State:1
[18480:21992:2019-5-23 11:0:7.647] C:\
[18480:21992:2019-5-23 11:0:7.666] [client_has_installed_app] found path:
[18480:21992:2019-5-23 11:0:7.667]  ***NULL-POINTER-PLACEHOLDER***
[18480:21992:2019-5-23 11:0:7.668] [client_has_installed_app] found path:
[18480:21992:2019-5-23 11:0:7.668]  ***NULL-POINTER-PLACEHOLDER***
[18480:21992:2019-5-23 11:0:7.670] [param_query_local_path] path is: C:\Users\hp\AppData\Roaming\Zoom\ZoomDownload\ dir create response : 1 system error: 1008
[18480:21992:2019-5-23 11:0:7.671] [downloader_run] State:0
[18480:16284:2019-5-23 11:0:7.671] [process_requst] start, url:https://launcher.zoom.us/upgrade?os=win
[18480:16284:2019-5-23 11:0:29.568] [req_state_read_status_code] zHttpQueryInfo complete, status:200
[18480:16284:2019-5-23 11:0:29.568] [req_state_read_status_code] zHttpQueryInfo complete, status:200 Error: 0
[18480:16284:2019-5-23 11:0:29.568] [log_response_content] Content length (1048576 as unknown):598 , Total read: 598 , Error No: 0 , Status code: 200
[18480:16284:2019-5-23 11:0:29.568] [log_response_content] header:
[18480:16284:2019-5-23 11:0:29.568] HTTP/1.1 200 OK
Date: Thu, 23 May 2019 05:30:19 GMT
Content-Type: text/plain;charset=UTF-8
Content-Length: 598
Connection: keep-alive
Server: ZOOM
x-zm-trackingid: WEB_fbb229037ae5b8fd9f5902c8f32b5e61
Set-Cookie: _zm_mtk_guid=bccaec830e954be399cdbd0fe1b03ae7; Domain=.zoom.us; Expires=Tue, 10-Jun-2087 08:44:26 GMT; Path=/; Secure
X-Content-Type-Options: nosniff
Set-Cookie: cred=A24B4FB832D17669218D798AE78AAF1B; Path=/; Secure; HttpOnly
Set-Cookie: _zm_page_auth=aw1_c_231BN0UWQhuRQWwl2hBaYQ; Domain=.zoom.us; Path=/; Secure; HttpOnly
p3p: CP="NOI ADM DEV PSAi COM NAV OUR OTR STP IND DEM"
Set-Cookie: _zm_ssid=aw1_c_V4XQHou8SqyKpIaDC0PqOQ; Domain=.zoom.us; Path=/; Secure; HttpOnly
Strict-Transport-Security: max-age=31536000
X-XSS-Protection: 1; mode=block


[18480:16284:2019-5-23 11:0:29.568] [process_requst] End for url:https://launcher.zoom.us/upgrade?os=win, return code:200, Error:0, Response content size:598
[18480:21992:2019-5-23 11:0:29.572] [handle_download_job_done] Index: 0 Curr index: 0 StatusCode: 200 Error: 0 Response: 
[18480:21992:2019-5-23 11:0:29.572] Check-sum=8697608c40da52e08ac24901f240a5ad;VCRed-sum=5689d43c3b201dd3810fa3bba4a6476a;fullmsi-sum=edb257dafeb685e5b4a0190de37204d2;fullcab-sum=bc7b9ce0c682ec9150ed094fa2bb2de5;fullsip-sum=6507ac662fb8753c8863278ff65d78d8;Installer-sum=230694c223e40b355d985e2f7c8deb07;Update-Option=1;Current-version=4.1.34814.1119;Download-root=https://launcher.zoom.us/client;Package-url=https://launcher.zoom.us/client/4.1.34814.1119/Zoom.msi?t=atupg;Package-name=Zoom.msi;Installer-name=Installer.exe;ahcab-name=Airhost.CAB;sipcab-name=Sipcall.CAB;codesnippet-name=codesnippet_win.zip;fullcab-name=ZoomFull.CAB;
[18480:16284:2019-5-23 11:0:29.604] [process_requst] start, url:https://launcher.zoom.us/client/4.1.34814.1119/Installer.exe?t=atupg
[18480:16284:2019-5-23 11:0:47.296] [req_state_read_status_code] zHttpQueryInfo complete, status:200
[18480:16284:2019-5-23 11:0:47.296] [req_state_read_status_code] zHttpQueryInfo complete, status:200 Error: 0
[18480:16284:2019-5-23 11:1:51.535] [read_response_file] Status Code:200, content length: 797016, total read: 81920, error code: 1007
[18480:16284:2019-5-23 11:1:51.578] [process_requst] End for url:https://launcher.zoom.us/client/4.1.34814.1119/Installer.exe?t=atupg, return code:200, Error:1007, Response content size:0
[18480:21992:2019-5-23 11:1:51.635] [handle_download_job_done] Index: 1 Curr index: 1 StatusCode: 200 Error: 1007 Response is Empty. 
[18480:21992:2019-5-23 11:2:27.231] [downloader_retry] State:15
[18480:16284:2019-5-23 11:2:27.231] [process_requst] start, url:https://launcher.zoom.us/client/4.1.34814.1119/Installer.exe?t=atupg
[18480:16284:2019-5-23 11:2:32.53] [req_state_read_status_code] zHttpQueryInfo complete, status:200
[18480:16284:2019-5-23 11:2:32.53] [req_state_read_status_code] zHttpQueryInfo complete, status:200 Error: 0
[18480:16284:2019-5-23 11:5:14.514] [read_response_file] Status Code:200, content length: 797016, total read: 797016, error code: 0
[18480:16284:2019-5-23 11:5:14.539] [process_requst] End for url:https://launcher.zoom.us/client/4.1.34814.1119/Installer.exe?t=atupg, return code:200, Error:0, Response content size:0
[18480:21992:2019-5-23 11:5:14.572] [handle_download_job_done] Index: 1 Curr index: 1 StatusCode: 200 Error: 0 Response is Empty. 
[18480:16284:2019-5-23 11:5:14.572] [process_requst] start, url:https://launcher.zoom.us/client/4.1.34814.1119/Zoom.msi?t=atupg
[18480:16284:2019-5-23 11:5:18.105] [req_state_read_status_code] zHttpQueryInfo complete, status:200
[18480:16284:2019-5-23 11:5:18.106] [req_state_read_status_code] zHttpQueryInfo complete, status:200 Error: 0
[18480:16284:2019-5-23 11:8:33.525] [read_response_file] Status Code:200, content length: 9461996, total read: 1294336, error code: 1007
[18480:16284:2019-5-23 11:8:34.590] [process_requst] End for url:https://launcher.zoom.us/client/4.1.34814.1119/Zoom.msi?t=atupg, return code:200, Error:1007, Response content size:0
[18480:21992:2019-5-23 11:8:34.602] [handle_download_job_done] Index: 2 Curr index: 2 StatusCode: 200 Error: 1007 Response is Empty. 
[18480:21992:2019-5-23 11:10:19.999] [downloader_retry] State:15
[18480:16284:2019-5-23 11:10:19.999] [process_requst] start, url:https://launcher.zoom.us/client/4.1.34814.1119/Zoom.msi?t=atupg
[18480:16284:2019-5-23 11:39:19.518] HttpSendRequest API failed1, error code: 12002
[18480:16284:2019-5-23 11:39:19.522] HttpSendRequest API failed, error code: 12007
[18480:16284:2019-5-23 11:39:21.652] [process_requst] End for url:https://launcher.zoom.us/client/4.1.34814.1119/Zoom.msi?t=atupg, return code:0, Error:1006, Response content size:0
[18480:21992:2019-5-23 11:39:21.680] [handle_download_job_done] Index: 2 Curr index: 2 StatusCode: 0 Error: 1006 Response is Empty. 
[18480:21992:2019-5-23 12:15:47.373] [downloader_cancel] State:15
[18480:21992:2019-5-23 12:15:47.419] Main End
